\\cs1\2019\jbrook19\cs273-1\hw03\hw03\debug\hw03.pdb
\\cs1\2019\jbrook19\cs273-1\hw03\hw03\debug\hw03.idb
\\cs1\2019\jbrook19\cs273-1\hw03\hw03\debug\stdafx.obj
\\cs1\2019\jbrook19\cs273-1\hw03\hw03\debug\hw03.obj
\\cs1\2019\jbrook19\cs273-1\hw03\hw03\debug\readint.obj
\\cs1\students\2019\jbrook19\cs273-1\hw03\hw03\debug\hw03.pch
\\cs1\students\2019\jbrook19\cs273-1\hw03\hw03\debug\hw03.pdb
\\cs1\students\2019\jbrook19\cs273-1\hw03\hw03\debug\stdafx.obj
\\cs1\students\2019\jbrook19\cs273-1\hw03\hw03\debug\hw03.idb
\\cs1\students\2019\jbrook19\cs273-1\hw03\hw03\debug\hw03.obj
\\cs1\students\2019\jbrook19\cs273-1\hw03\hw03\debug\readint.obj
\\cs1\students\2019\jbrook19\cs273-1\hw03\debug\hw03.lib
\\cs1\students\2019\jbrook19\cs273-1\hw03\hw03\debug\vc140.idb
\\cs1\students\2019\jbrook19\cs273-1\hw03\hw03\debug\vc140.pdb
\\cs1\students\2019\jbrook19\cs273-1\hw03\debug\hw03.pdb
\\cs1\students\2019\jbrook19\cs273-1\hw03\debug\hw03.ilk
\\cs1\students\2019\jbrook19\cs273-1\hw03\hw03\debug\hw03.tlog\cl.command.1.tlog
\\cs1\students\2019\jbrook19\cs273-1\hw03\hw03\debug\hw03.tlog\cl.read.1.tlog
\\cs1\students\2019\jbrook19\cs273-1\hw03\hw03\debug\hw03.tlog\cl.write.1.tlog
\\cs1\students\2019\jbrook19\cs273-1\hw03\hw03\debug\hw03.tlog\lib-link.read.1.tlog
\\cs1\students\2019\jbrook19\cs273-1\hw03\hw03\debug\hw03.tlog\lib-link.write.1.tlog
\\cs1\students\2019\jbrook19\cs273-1\hw03\hw03\debug\hw03.tlog\lib.command.1.tlog
\\cs1\students\2019\jbrook19\cs273-1\hw03\hw03\debug\hw03.tlog\link.command.1.tlog
\\cs1\students\2019\jbrook19\cs273-1\hw03\hw03\debug\hw03.tlog\link.read.1.tlog
\\cs1\students\2019\jbrook19\cs273-1\hw03\hw03\debug\hw03.tlog\link.write.1.tlog
